#
# There is insufficient memory for the Java Runtime Environment to continue.
# Native memory allocation (malloc) failed to allocate 130576 bytes for Chunk::new
# Possible reasons:
#   The system is out of physical RAM or swap space
#   The process is running with CompressedOops enabled, and the Java Heap may be blocking the growth of the native heap
# Possible solutions:
#   Reduce memory load on the system
#   Increase physical memory or swap space
#   Check if swap backing store is full
#   Decrease Java heap size (-Xmx/-Xms)
#   Decrease number of Java threads
#   Decrease Java thread stack sizes (-Xss)
#   Set larger code cache with -XX:ReservedCodeCacheSize=
#   JVM is running with Unscaled Compressed Oops mode in which the Java heap is
#     placed in the first 4GB address space. The Java Heap base address is the
#     maximum limit for the native heap growth. Please use -XX:HeapBaseMinAddress
#     to set the Java Heap base and to place the Java Heap above 4GB virtual address.
# This output file may be truncated or incomplete.
#
#  Out of Memory Error (./src/hotspot/share/memory/arena.cpp:197), pid=22052, tid=16608
#
# JRE version: OpenJDK Runtime Environment AdoptOpenJDK (11.0.9.1+1) (build 11.0.9.1+1)
# Java VM: OpenJDK 64-Bit Server VM AdoptOpenJDK (11.0.9.1+1, mixed mode, tiered, compressed oops, parallel gc, windows-amd64)
# No core dump will be written. Minidumps are not enabled by default on client versions of Windows
#

---------------  S U M M A R Y ------------

Command Line: --add-modules=ALL-SYSTEM --add-opens=java.base/java.util=ALL-UNNAMED --add-opens=java.base/java.lang=ALL-UNNAMED -Declipse.application=org.eclipse.jdt.ls.core.id1 -Dosgi.bundles.defaultStartLevel=4 -Declipse.product=org.eclipse.jdt.ls.core.product -Dfile.encoding=utf8 -DwatchParentProcess=false -XX:+UseParallelGC -XX:GCTimeRatio=4 -XX:AdaptiveSizePolicyWeight=90 -Dsun.zip.disableMemoryMapping=true -Xmx1G -Xms100m -javaagent:c:\Users\Antonio\.vscode\extensions\gabrielbb.vscode-lombok-1.0.1\server\lombok.jar -Xverify:none c:\Users\Antonio\.vscode\extensions\redhat.java-0.76.0\server\plugins\org.eclipse.equinox.launcher_1.6.100.v20201223-0822.jar -configuration c:\Users\Antonio\AppData\Roaming\Code\User\globalStorage\redhat.java\0.76.0\config_win -data c:\Users\Antonio\AppData\Roaming\Code\User\workspaceStorage\b2c127b38c8307771f46a5b213a02c7a\redhat.java\jdt_ws

Host: Intel(R) Core(TM) i7-4790 CPU @ 3.60GHz, 8 cores, 15G,  Windows 10 , 64 bit Build 19041 (10.0.19041.804)
Time: Fri Mar  5 23:56:12 2021 Hora estándar central (México) elapsed time: 679.372286 seconds (0d 0h 11m 19s)

---------------  T H R E A D  ---------------

Current thread (0x000001f077295800):  JavaThread "C2 CompilerThread0" daemon [_thread_in_native, id=16608, stack(0x000000250f900000,0x000000250fa00000)]


Current CompileTask:
C2: 679372 10579       4       com.google.gson.reflect.TypeToken::<init> (41 bytes)

Stack: [0x000000250f900000,0x000000250fa00000]
Native frames: (J=compiled Java code, j=interpreted, Vv=VM code, C=native code)
V  [jvm.dll+0x5f465a]
V  [jvm.dll+0x77c78e]
V  [jvm.dll+0x77de5f]
V  [jvm.dll+0x77e523]
V  [jvm.dll+0x2477c8]
V  [jvm.dll+0xbe2ec]
V  [jvm.dll+0xbe9ec]
V  [jvm.dll+0x34d157]
V  [jvm.dll+0x1993e9]
V  [jvm.dll+0x201192]
V  [jvm.dll+0x20023f]
V  [jvm.dll+0x184fbc]
V  [jvm.dll+0x20f7f7]
V  [jvm.dll+0x20d9db]
V  [jvm.dll+0x741029]
V  [jvm.dll+0x73a0d4]
V  [jvm.dll+0x5f3586]
C  [ucrtbase.dll+0x21bb2]
C  [KERNEL32.DLL+0x17034]
C  [ntdll.dll+0x4d241]


---------------  P R O C E S S  ---------------

Threads class SMR info:
_java_thread_list=0x000001f07d7105a0, length=33, elements={
0x000001f06b113800, 0x000001f0761f3000, 0x000001f0761e1000, 0x000001f06b1ee000,
0x000001f077294800, 0x000001f077295800, 0x000001f0761fb800, 0x000001f0761fc800,
0x000001f0773e3000, 0x000001f077557800, 0x000001f078b20000, 0x000001f078af4000,
0x000001f0795a2800, 0x000001f07859c000, 0x000001f0794f3000, 0x000001f079769000,
0x000001f0798d0000, 0x000001f079961800, 0x000001f07b2ab000, 0x000001f07b2aa000,
0x000001f07b2ac800, 0x000001f07d872800, 0x000001f07d876000, 0x000001f07d872000,
0x000001f07d879000, 0x000001f07d873800, 0x000001f07d87b000, 0x000001f07d87f800,
0x000001f07d87c800, 0x000001f07d87a000, 0x000001f07d87b800, 0x000001f07d87d000,
0x000001f07d87e000
}

Java Threads: ( => current thread )
  0x000001f06b113800 JavaThread "main" [_thread_blocked, id=22284, stack(0x000000250f200000,0x000000250f300000)]
  0x000001f0761f3000 JavaThread "Reference Handler" daemon [_thread_blocked, id=19072, stack(0x000000250f500000,0x000000250f600000)]
  0x000001f0761e1000 JavaThread "Finalizer" daemon [_thread_blocked, id=17668, stack(0x000000250f600000,0x000000250f700000)]
  0x000001f06b1ee000 JavaThread "Signal Dispatcher" daemon [_thread_blocked, id=6708, stack(0x000000250f700000,0x000000250f800000)]
  0x000001f077294800 JavaThread "Attach Listener" daemon [_thread_blocked, id=10576, stack(0x000000250f800000,0x000000250f900000)]
=>0x000001f077295800 JavaThread "C2 CompilerThread0" daemon [_thread_in_native, id=16608, stack(0x000000250f900000,0x000000250fa00000)]
  0x000001f0761fb800 JavaThread "C1 CompilerThread0" daemon [_thread_blocked, id=18732, stack(0x000000250fa00000,0x000000250fb00000)]
  0x000001f0761fc800 JavaThread "Sweeper thread" daemon [_thread_blocked, id=9792, stack(0x000000250fb00000,0x000000250fc00000)]
  0x000001f0773e3000 JavaThread "Common-Cleaner" daemon [_thread_blocked, id=12432, stack(0x000000250fc00000,0x000000250fd00000)]
  0x000001f077557800 JavaThread "Service Thread" daemon [_thread_blocked, id=20332, stack(0x000000250fe00000,0x000000250ff00000)]
  0x000001f078b20000 JavaThread "Active Thread: Equinox Container: 6cb3ec5c-86b8-4baf-af0b-1cc61a633438" [_thread_blocked, id=14672, stack(0x0000002510200000,0x0000002510300000)]
  0x000001f078af4000 JavaThread "Framework Event Dispatcher: Equinox Container: 6cb3ec5c-86b8-4baf-af0b-1cc61a633438" daemon [_thread_blocked, id=18800, stack(0x0000002510300000,0x0000002510400000)]
  0x000001f0795a2800 JavaThread "Start Level: Equinox Container: 6cb3ec5c-86b8-4baf-af0b-1cc61a633438" daemon [_thread_blocked, id=14296, stack(0x0000002510400000,0x0000002510500000)]
  0x000001f07859c000 JavaThread "SCR Component Actor" daemon [_thread_blocked, id=11484, stack(0x0000002510000000,0x0000002510100000)]
  0x000001f0794f3000 JavaThread "Worker-JM" [_thread_blocked, id=3644, stack(0x0000002510800000,0x0000002510900000)]
  0x000001f079769000 JavaThread "Worker-0" [_thread_blocked, id=16628, stack(0x0000002510b00000,0x0000002510c00000)]
  0x000001f0798d0000 JavaThread "Java indexing" daemon [_thread_blocked, id=7344, stack(0x0000002510f00000,0x0000002511000000)]
  0x000001f079961800 JavaThread "logback configurator timer" daemon [_thread_blocked, id=8932, stack(0x0000002511000000,0x0000002511100000)]
  0x000001f07b2ab000 JavaThread "pool-2-thread-1" [_thread_in_native, id=21716, stack(0x000000250fd00000,0x000000250fe00000)]
  0x000001f07b2aa000 JavaThread "Worker-2" [_thread_blocked, id=18764, stack(0x0000002511200000,0x0000002511300000)]
  0x000001f07b2ac800 JavaThread "Bundle File Closer" daemon [_thread_blocked, id=21944, stack(0x0000002511500000,0x0000002511600000)]
  0x000001f07d872800 JavaThread "ForkJoinPool.commonPool-worker-1" daemon [_thread_blocked, id=3876, stack(0x0000002510700000,0x0000002510800000)]
  0x000001f07d876000 JavaThread "ForkJoinPool.commonPool-worker-11" daemon [_thread_blocked, id=9952, stack(0x000000250f000000,0x000000250f100000)]
  0x000001f07d872000 JavaThread "ForkJoinPool.commonPool-worker-15" daemon [_thread_blocked, id=20740, stack(0x000000250f100000,0x000000250f200000)]
  0x000001f07d879000 JavaThread "Java Debug Server" daemon [_thread_in_native, id=19112, stack(0x0000002511400000,0x0000002511500000)]
  0x000001f07d873800 JavaThread "pool-3-thread-1" [_thread_in_native, id=20644, stack(0x0000002511600000,0x0000002511700000)]
  0x000001f07d87b000 JavaThread "RxSchedulerPurge-1" daemon [_thread_blocked, id=17252, stack(0x0000002511800000,0x0000002511900000)]
  0x000001f07d87f800 JavaThread "RxCachedWorkerPoolEvictor-1" daemon [_thread_blocked, id=16156, stack(0x0000002511900000,0x0000002511a00000)]
  0x000001f07d87c800 JavaThread "RxNewThreadScheduler-1" daemon [_thread_blocked, id=5324, stack(0x0000002511a00000,0x0000002511b00000)]
  0x000001f07d87a000 JavaThread "Thread-4" daemon [_thread_in_native, id=22460, stack(0x0000002511c00000,0x0000002511d00000)]
  0x000001f07d87b800 JavaThread "Debuggee Stdout Handler" daemon [_thread_in_native, id=21448, stack(0x0000002511d00000,0x0000002511e00000)]
  0x000001f07d87d000 JavaThread "Debuggee Stderr Handler" daemon [_thread_in_native, id=21440, stack(0x0000002511e00000,0x0000002511f00000)]
  0x000001f07d87e000 JavaThread "RxNewThreadScheduler-2" daemon [_thread_blocked, id=19096, stack(0x0000002511f00000,0x0000002512000000)]

Other Threads:
  0x000001f06b1e1800 VMThread "VM Thread" [stack: 0x000000250f400000,0x000000250f500000] [id=22144]
  0x000001f0783f8800 WatcherThread [stack: 0x000000250ff00000,0x0000002510000000] [id=14316]
  0x000001f06b12a800 GCTaskThread "ParGC Thread#0" [stack: 0x000000250f300000,0x000000250f400000] [id=22000]
  0x000001f078d2a000 GCTaskThread "ParGC Thread#1" [stack: 0x0000002510100000,0x0000002510200000] [id=13656]
  0x000001f078dd5000 GCTaskThread "ParGC Thread#2" [stack: 0x0000002510500000,0x0000002510600000] [id=20704]
  0x000001f078ed3800 GCTaskThread "ParGC Thread#3" [stack: 0x0000002510600000,0x0000002510700000] [id=8940]
  0x000001f0794c9800 GCTaskThread "ParGC Thread#4" [stack: 0x0000002510900000,0x0000002510a00000] [id=17576]
  0x000001f07953c000 GCTaskThread "ParGC Thread#5" [stack: 0x0000002510a00000,0x0000002510b00000] [id=9208]
  0x000001f079429800 GCTaskThread "ParGC Thread#6" [stack: 0x0000002510d00000,0x0000002510e00000] [id=18872]
  0x000001f07962b000 GCTaskThread "ParGC Thread#7" [stack: 0x0000002510e00000,0x0000002510f00000] [id=8744]

Threads with active compile tasks:
C2 CompilerThread0 679412 10579       4       com.google.gson.reflect.TypeToken::<init> (41 bytes)

VM state:not at safepoint (normal execution)

VM Mutex/Monitor currently owned by a thread: None

Heap address: 0x00000000c0000000, size: 1024 MB, Compressed Oops mode: 32-bit
Narrow klass base: 0x0000000000000000, Narrow klass shift: 3
Compressed class space size: 1073741824 Address: 0x0000000100000000

Heap:
 PSYoungGen      total 15872K, used 7363K [0x00000000eab00000, 0x00000000ec080000, 0x0000000100000000)
  eden space 10752K, 21% used [0x00000000eab00000,0x00000000ead4f3f8,0x00000000eb580000)
  from space 5120K, 97% used [0x00000000eb580000,0x00000000eba61950,0x00000000eba80000)
  to   space 5120K, 0% used [0x00000000ebb80000,0x00000000ebb80000,0x00000000ec080000)
 ParOldGen       total 174592K, used 132875K [0x00000000c0000000, 0x00000000caa80000, 0x00000000eab00000)
  object space 174592K, 76% used [0x00000000c0000000,0x00000000c81c2f40,0x00000000caa80000)
 Metaspace       used 68804K, capacity 72060K, committed 72320K, reserved 1114112K
  class space    used 6668K, capacity 7937K, committed 8064K, reserved 1048576K

Card table byte_map: [0x000001f06aad0000,0x000001f06ace0000] _byte_map_base: 0x000001f06a4d0000

Marking Bits: (ParMarkBitMap*) 0x00007ffa69cc7000
 Begin Bits: [0x000001f073800000, 0x000001f074800000)
 End Bits:   [0x000001f074800000, 0x000001f075800000)

Polling page: 0x000001f0690e0000

Metaspace:

Usage:
  Non-class:     62.62 MB capacity,    60.68 MB ( 97%) used,     1.79 MB (  3%) free+waste,   156.63 KB ( <1%) overhead. 
      Class:      7.75 MB capacity,     6.51 MB ( 84%) used,     1.17 MB ( 15%) free+waste,    71.75 KB ( <1%) overhead. 
       Both:     70.37 MB capacity,    67.19 MB ( 95%) used,     2.96 MB (  4%) free+waste,   228.38 KB ( <1%) overhead. 

Virtual space:
  Non-class space:       64.00 MB reserved,      62.75 MB ( 98%) committed 
      Class space:        1.00 GB reserved,       7.88 MB ( <1%) committed 
             Both:        1.06 GB reserved,      70.63 MB (  6%) committed 

Chunk freelists:
   Non-Class:  5.00 KB
       Class:  0 bytes
        Both:  5.00 KB

MaxMetaspaceSize: 17179869184.00 GB
CompressedClassSpaceSize: 1.00 GB

CodeHeap 'non-profiled nmethods': size=120000Kb used=6204Kb max_used=6398Kb free=113795Kb
 bounds [0x000001f007ad0000, 0x000001f008110000, 0x000001f00f000000]
CodeHeap 'profiled nmethods': size=120000Kb used=21423Kb max_used=21963Kb free=98576Kb
 bounds [0x000001f0005a0000, 0x000001f001b30000, 0x000001f007ad0000]
CodeHeap 'non-nmethods': size=5760Kb used=1284Kb max_used=1347Kb free=4475Kb
 bounds [0x000001f000000000, 0x000001f000270000, 0x000001f0005a0000]
 total_blobs=9692 nmethods=8999 adapters=605
 compilation: enabled
              stopped_count=0, restarted_count=0
 full_count=0

Compilation events (20 events):
Event: 645.307 Thread 0x000001f0761fb800 nmethod 10569 0x000001f0007c2090 code [0x000001f0007c2240, 0x000001f0007c2338]
Event: 645.307 Thread 0x000001f0761fb800 10570   !   3       java.util.concurrent.locks.AbstractQueuedSynchronizer::fullyRelease (31 bytes)
Event: 645.308 Thread 0x000001f0761fb800 nmethod 10570 0x000001f000991d90 code [0x000001f000991f80, 0x000001f000992448]
Event: 646.313 Thread 0x000001f0761fb800 10572       3       java.util.concurrent.locks.AbstractQueuedSynchronizer::enq (37 bytes)
Event: 646.315 Thread 0x000001f0761fb800 nmethod 10572 0x000001f0010d9610 code [0x000001f0010d9a20, 0x000001f0010db5e8]
Event: 646.315 Thread 0x000001f0761fb800 10571       3       java.util.concurrent.locks.AbstractQueuedSynchronizer::transferAfterCancelledWait (34 bytes)
Event: 646.316 Thread 0x000001f0761fb800 nmethod 10571 0x000001f000d74d10 code [0x000001f000d74fa0, 0x000001f000d75aa8]
Event: 647.319 Thread 0x000001f0761fb800 10573   !   3       java.util.concurrent.FutureTask::runAndReset (125 bytes)
Event: 647.320 Thread 0x000001f0761fb800 nmethod 10573 0x000001f0010d6d10 code [0x000001f0010d7100, 0x000001f0010d8c18]
Event: 647.320 Thread 0x000001f0761fb800 10574       3       java.util.concurrent.ScheduledThreadPoolExecutor$ScheduledFutureTask::setNextRunTime (38 bytes)
Event: 647.320 Thread 0x000001f0761fb800 nmethod 10574 0x000001f00083c390 code [0x000001f00083c560, 0x000001f00083c868]
Event: 647.320 Thread 0x000001f0761fb800 10575       3       java.util.concurrent.ScheduledThreadPoolExecutor::reExecutePeriodic (49 bytes)
Event: 647.321 Thread 0x000001f0761fb800 nmethod 10575 0x000001f000a3db10 code [0x000001f000a3dd40, 0x000001f000a3e3a8]
Event: 649.306 Thread 0x000001f0761fb800 10576       3       java.util.concurrent.Executors$RunnableAdapter::call (14 bytes)
Event: 649.306 Thread 0x000001f0761fb800 nmethod 10576 0x000001f000933f10 code [0x000001f0009340c0, 0x000001f000934288]
Event: 673.317 Thread 0x000001f0761fb800 10577       3       java.util.concurrent.ConcurrentHashMap::keySet (5 bytes)
Event: 673.317 Thread 0x000001f0761fb800 nmethod 10577 0x000001f000c94a10 code [0x000001f000c94be0, 0x000001f000c94f38]
Event: 676.316 Thread 0x000001f0761fb800 10578   !   3       io.reactivex.internal.schedulers.SchedulerPoolFactory$ScheduledTask::run (74 bytes)
Event: 676.317 Thread 0x000001f0761fb800 nmethod 10578 0x000001f0010d5690 code [0x000001f0010d5920, 0x000001f0010d6748]
Event: 679.353 Thread 0x000001f077295800 10579       4       com.google.gson.reflect.TypeToken::<init> (41 bytes)

GC Heap History (20 events):
Event: 418.694 GC heap before
{Heap before GC invocations=85 (full 7):
 PSYoungGen      total 14336K, used 14119K [0x00000000eab00000, 0x00000000ec080000, 0x0000000100000000)
  eden space 9216K, 100% used [0x00000000eab00000,0x00000000eb400000,0x00000000eb400000)
  from space 5120K, 95% used [0x00000000eb400000,0x00000000eb8c9fc8,0x00000000eb900000)
  to   space 6144K, 0% used [0x00000000eba80000,0x00000000eba80000,0x00000000ec080000)
 ParOldGen       total 174592K, used 125532K [0x00000000c0000000, 0x00000000caa80000, 0x00000000eab00000)
  object space 174592K, 71% used [0x00000000c0000000,0x00000000c7a97240,0x00000000caa80000)
 Metaspace       used 66444K, capacity 69819K, committed 70016K, reserved 1112064K
  class space    used 6448K, capacity 7724K, committed 7808K, reserved 1048576K
}
Event: 418.699 GC heap after
{Heap after GC invocations=85 (full 7):
 PSYoungGen      total 14848K, used 6119K [0x00000000eab00000, 0x00000000ec280000, 0x0000000100000000)
  eden space 8704K, 0% used [0x00000000eab00000,0x00000000eab00000,0x00000000eb380000)
  from space 6144K, 99% used [0x00000000eba80000,0x00000000ec079fc8,0x00000000ec080000)
  to   space 7168K, 0% used [0x00000000eb380000,0x00000000eb380000,0x00000000eba80000)
 ParOldGen       total 174592K, used 126143K [0x00000000c0000000, 0x00000000caa80000, 0x00000000eab00000)
  object space 174592K, 72% used [0x00000000c0000000,0x00000000c7b2fcf0,0x00000000caa80000)
 Metaspace       used 66444K, capacity 69819K, committed 70016K, reserved 1112064K
  class space    used 6448K, capacity 7724K, committed 7808K, reserved 1048576K
}
Event: 418.800 GC heap before
{Heap before GC invocations=86 (full 7):
 PSYoungGen      total 14848K, used 14823K [0x00000000eab00000, 0x00000000ec280000, 0x0000000100000000)
  eden space 8704K, 100% used [0x00000000eab00000,0x00000000eb380000,0x00000000eb380000)
  from space 6144K, 99% used [0x00000000eba80000,0x00000000ec079fc8,0x00000000ec080000)
  to   space 7168K, 0% used [0x00000000eb380000,0x00000000eb380000,0x00000000eba80000)
 ParOldGen       total 174592K, used 126143K [0x00000000c0000000, 0x00000000caa80000, 0x00000000eab00000)
  object space 174592K, 72% used [0x00000000c0000000,0x00000000c7b2fcf0,0x00000000caa80000)
 Metaspace       used 66661K, capacity 70021K, committed 70272K, reserved 1112064K
  class space    used 6458K, capacity 7726K, committed 7808K, reserved 1048576K
}
Event: 418.807 GC heap after
{Heap after GC invocations=86 (full 7):
 PSYoungGen      total 13824K, used 5024K [0x00000000eab00000, 0x00000000ec000000, 0x0000000100000000)
  eden space 8704K, 0% used [0x00000000eab00000,0x00000000eab00000,0x00000000eb380000)
  from space 5120K, 98% used [0x00000000eb380000,0x00000000eb868030,0x00000000eb880000)
  to   space 6144K, 0% used [0x00000000eba00000,0x00000000eba00000,0x00000000ec000000)
 ParOldGen       total 174592K, used 128802K [0x00000000c0000000, 0x00000000caa80000, 0x00000000eab00000)
  object space 174592K, 73% used [0x00000000c0000000,0x00000000c7dc8a78,0x00000000caa80000)
 Metaspace       used 66661K, capacity 70021K, committed 70272K, reserved 1112064K
  class space    used 6458K, capacity 7726K, committed 7808K, reserved 1048576K
}
Event: 418.867 GC heap before
{Heap before GC invocations=87 (full 7):
 PSYoungGen      total 13824K, used 13728K [0x00000000eab00000, 0x00000000ec000000, 0x0000000100000000)
  eden space 8704K, 100% used [0x00000000eab00000,0x00000000eb380000,0x00000000eb380000)
  from space 5120K, 98% used [0x00000000eb380000,0x00000000eb868030,0x00000000eb880000)
  to   space 6144K, 0% used [0x00000000eba00000,0x00000000eba00000,0x00000000ec000000)
 ParOldGen       total 174592K, used 128802K [0x00000000c0000000, 0x00000000caa80000, 0x00000000eab00000)
  object space 174592K, 73% used [0x00000000c0000000,0x00000000c7dc8a78,0x00000000caa80000)
 Metaspace       used 66733K, capacity 70095K, committed 70272K, reserved 1112064K
  class space    used 6459K, capacity 7729K, committed 7808K, reserved 1048576K
}
Event: 418.872 GC heap after
{Heap after GC invocations=87 (full 7):
 PSYoungGen      total 14336K, used 6129K [0x00000000eab00000, 0x00000000ec200000, 0x0000000100000000)
  eden space 8192K, 0% used [0x00000000eab00000,0x00000000eab00000,0x00000000eb300000)
  from space 6144K, 99% used [0x00000000eba00000,0x00000000ebffc430,0x00000000ec000000)
  to   space 7168K, 0% used [0x00000000eb300000,0x00000000eb300000,0x00000000eba00000)
 ParOldGen       total 174592K, used 129413K [0x00000000c0000000, 0x00000000caa80000, 0x00000000eab00000)
  object space 174592K, 74% used [0x00000000c0000000,0x00000000c7e615a0,0x00000000caa80000)
 Metaspace       used 66733K, capacity 70095K, committed 70272K, reserved 1112064K
  class space    used 6459K, capacity 7729K, committed 7808K, reserved 1048576K
}
Event: 418.909 GC heap before
{Heap before GC invocations=88 (full 7):
 PSYoungGen      total 14336K, used 14321K [0x00000000eab00000, 0x00000000ec200000, 0x0000000100000000)
  eden space 8192K, 100% used [0x00000000eab00000,0x00000000eb300000,0x00000000eb300000)
  from space 6144K, 99% used [0x00000000eba00000,0x00000000ebffc430,0x00000000ec000000)
  to   space 7168K, 0% used [0x00000000eb300000,0x00000000eb300000,0x00000000eba00000)
 ParOldGen       total 174592K, used 129413K [0x00000000c0000000, 0x00000000caa80000, 0x00000000eab00000)
  object space 174592K, 74% used [0x00000000c0000000,0x00000000c7e615a0,0x00000000caa80000)
 Metaspace       used 66746K, capacity 70095K, committed 70272K, reserved 1112064K
  class space    used 6459K, capacity 7729K, committed 7808K, reserved 1048576K
}
Event: 418.918 GC heap after
{Heap after GC invocations=88 (full 7):
 PSYoungGen      total 12800K, used 4356K [0x00000000eab00000, 0x00000000ebf00000, 0x0000000100000000)
  eden space 8192K, 0% used [0x00000000eab00000,0x00000000eab00000,0x00000000eb300000)
  from space 4608K, 94% used [0x00000000eb300000,0x00000000eb741310,0x00000000eb780000)
  to   space 5632K, 0% used [0x00000000eb980000,0x00000000eb980000,0x00000000ebf00000)
 ParOldGen       total 174592K, used 132851K [0x00000000c0000000, 0x00000000caa80000, 0x00000000eab00000)
  object space 174592K, 76% used [0x00000000c0000000,0x00000000c81bcf40,0x00000000caa80000)
 Metaspace       used 66746K, capacity 70095K, committed 70272K, reserved 1112064K
  class space    used 6459K, capacity 7729K, committed 7808K, reserved 1048576K
}
Event: 420.132 GC heap before
{Heap before GC invocations=89 (full 7):
 PSYoungGen      total 12800K, used 12548K [0x00000000eab00000, 0x00000000ebf00000, 0x0000000100000000)
  eden space 8192K, 100% used [0x00000000eab00000,0x00000000eb300000,0x00000000eb300000)
  from space 4608K, 94% used [0x00000000eb300000,0x00000000eb741310,0x00000000eb780000)
  to   space 5632K, 0% used [0x00000000eb980000,0x00000000eb980000,0x00000000ebf00000)
 ParOldGen       total 174592K, used 132851K [0x00000000c0000000, 0x00000000caa80000, 0x00000000eab00000)
  object space 174592K, 76% used [0x00000000c0000000,0x00000000c81bcf40,0x00000000caa80000)
 Metaspace       used 66916K, capacity 70224K, committed 70272K, reserved 1112064K
  class space    used 6478K, capacity 7770K, committed 7808K, reserved 1048576K
}
Event: 420.135 GC heap after
{Heap after GC invocations=89 (full 7):
 PSYoungGen      total 13824K, used 4676K [0x00000000eab00000, 0x00000000ebe80000, 0x0000000100000000)
  eden space 8704K, 0% used [0x00000000eab00000,0x00000000eab00000,0x00000000eb380000)
  from space 5120K, 91% used [0x00000000eb980000,0x00000000ebe11310,0x00000000ebe80000)
  to   space 5120K, 0% used [0x00000000eb480000,0x00000000eb480000,0x00000000eb980000)
 ParOldGen       total 174592K, used 132859K [0x00000000c0000000, 0x00000000caa80000, 0x00000000eab00000)
  object space 174592K, 76% used [0x00000000c0000000,0x00000000c81bef40,0x00000000caa80000)
 Metaspace       used 66916K, capacity 70224K, committed 70272K, reserved 1112064K
  class space    used 6478K, capacity 7770K, committed 7808K, reserved 1048576K
}
Event: 420.162 GC heap before
{Heap before GC invocations=90 (full 7):
 PSYoungGen      total 13824K, used 13380K [0x00000000eab00000, 0x00000000ebe80000, 0x0000000100000000)
  eden space 8704K, 100% used [0x00000000eab00000,0x00000000eb380000,0x00000000eb380000)
  from space 5120K, 91% used [0x00000000eb980000,0x00000000ebe11310,0x00000000ebe80000)
  to   space 5120K, 0% used [0x00000000eb480000,0x00000000eb480000,0x00000000eb980000)
 ParOldGen       total 174592K, used 132859K [0x00000000c0000000, 0x00000000caa80000, 0x00000000eab00000)
  object space 174592K, 76% used [0x00000000c0000000,0x00000000c81bef40,0x00000000caa80000)
 Metaspace       used 66916K, capacity 70224K, committed 70272K, reserved 1112064K
  class space    used 6478K, capacity 7770K, committed 7808K, reserved 1048576K
}
Event: 420.165 GC heap after
{Heap after GC invocations=90 (full 7):
 PSYoungGen      total 14848K, used 4708K [0x00000000eab00000, 0x00000000ebe80000, 0x0000000100000000)
  eden space 9728K, 0% used [0x00000000eab00000,0x00000000eab00000,0x00000000eb480000)
  from space 5120K, 91% used [0x00000000eb480000,0x00000000eb919310,0x00000000eb980000)
  to   space 5120K, 0% used [0x00000000eb980000,0x00000000eb980000,0x00000000ebe80000)
 ParOldGen       total 174592K, used 132867K [0x00000000c0000000, 0x00000000caa80000, 0x00000000eab00000)
  object space 174592K, 76% used [0x00000000c0000000,0x00000000c81c0f40,0x00000000caa80000)
 Metaspace       used 66916K, capacity 70224K, committed 70272K, reserved 1112064K
  class space    used 6478K, capacity 7770K, committed 7808K, reserved 1048576K
}
Event: 420.186 GC heap before
{Heap before GC invocations=91 (full 7):
 PSYoungGen      total 14848K, used 14436K [0x00000000eab00000, 0x00000000ebe80000, 0x0000000100000000)
  eden space 9728K, 100% used [0x00000000eab00000,0x00000000eb480000,0x00000000eb480000)
  from space 5120K, 91% used [0x00000000eb480000,0x00000000eb919310,0x00000000eb980000)
  to   space 5120K, 0% used [0x00000000eb980000,0x00000000eb980000,0x00000000ebe80000)
 ParOldGen       total 174592K, used 132867K [0x00000000c0000000, 0x00000000caa80000, 0x00000000eab00000)
  object space 174592K, 76% used [0x00000000c0000000,0x00000000c81c0f40,0x00000000caa80000)
 Metaspace       used 66919K, capacity 70224K, committed 70272K, reserved 1112064K
  class space    used 6478K, capacity 7770K, committed 7808K, reserved 1048576K
}
Event: 420.190 GC heap after
{Heap after GC invocations=91 (full 7):
 PSYoungGen      total 14848K, used 4660K [0x00000000eab00000, 0x00000000ebf80000, 0x0000000100000000)
  eden space 9728K, 0% used [0x00000000eab00000,0x00000000eab00000,0x00000000eb480000)
  from space 5120K, 91% used [0x00000000eb980000,0x00000000ebe0d320,0x00000000ebe80000)
  to   space 5120K, 0% used [0x00000000eb480000,0x00000000eb480000,0x00000000eb980000)
 ParOldGen       total 174592K, used 132867K [0x00000000c0000000, 0x00000000caa80000, 0x00000000eab00000)
  object space 174592K, 76% used [0x00000000c0000000,0x00000000c81c0f40,0x00000000caa80000)
 Metaspace       used 66919K, capacity 70224K, committed 70272K, reserved 1112064K
  class space    used 6478K, capacity 7770K, committed 7808K, reserved 1048576K
}
Event: 420.212 GC heap before
{Heap before GC invocations=92 (full 7):
 PSYoungGen      total 14848K, used 14388K [0x00000000eab00000, 0x00000000ebf80000, 0x0000000100000000)
  eden space 9728K, 100% used [0x00000000eab00000,0x00000000eb480000,0x00000000eb480000)
  from space 5120K, 91% used [0x00000000eb980000,0x00000000ebe0d320,0x00000000ebe80000)
  to   space 5120K, 0% used [0x00000000eb480000,0x00000000eb480000,0x00000000eb980000)
 ParOldGen       total 174592K, used 132867K [0x00000000c0000000, 0x00000000caa80000, 0x00000000eab00000)
  object space 174592K, 76% used [0x00000000c0000000,0x00000000c81c0f40,0x00000000caa80000)
 Metaspace       used 66920K, capacity 70224K, committed 70272K, reserved 1112064K
  class space    used 6478K, capacity 7770K, committed 7808K, reserved 1048576K
}
Event: 420.216 GC heap after
{Heap after GC invocations=92 (full 7):
 PSYoungGen      total 14848K, used 4708K [0x00000000eab00000, 0x00000000ebf80000, 0x0000000100000000)
  eden space 9728K, 0% used [0x00000000eab00000,0x00000000eab00000,0x00000000eb480000)
  from space 5120K, 91% used [0x00000000eb480000,0x00000000eb919310,0x00000000eb980000)
  to   space 5120K, 0% used [0x00000000eba80000,0x00000000eba80000,0x00000000ebf80000)
 ParOldGen       total 174592K, used 132867K [0x00000000c0000000, 0x00000000caa80000, 0x00000000eab00000)
  object space 174592K, 76% used [0x00000000c0000000,0x00000000c81c0f40,0x00000000caa80000)
 Metaspace       used 66920K, capacity 70224K, committed 70272K, reserved 1112064K
  class space    used 6478K, capacity 7770K, committed 7808K, reserved 1048576K
}
Event: 420.282 GC heap before
{Heap before GC invocations=93 (full 7):
 PSYoungGen      total 14848K, used 14436K [0x00000000eab00000, 0x00000000ebf80000, 0x0000000100000000)
  eden space 9728K, 100% used [0x00000000eab00000,0x00000000eb480000,0x00000000eb480000)
  from space 5120K, 91% used [0x00000000eb480000,0x00000000eb919310,0x00000000eb980000)
  to   space 5120K, 0% used [0x00000000eba80000,0x00000000eba80000,0x00000000ebf80000)
 ParOldGen       total 174592K, used 132867K [0x00000000c0000000, 0x00000000caa80000, 0x00000000eab00000)
  object space 174592K, 76% used [0x00000000c0000000,0x00000000c81c0f40,0x00000000caa80000)
 Metaspace       used 67241K, capacity 70482K, committed 70528K, reserved 1112064K
  class space    used 6502K, capacity 7770K, committed 7808K, reserved 1048576K
}
Event: 420.285 GC heap after
{Heap after GC invocations=93 (full 7):
 PSYoungGen      total 15872K, used 4708K [0x00000000eab00000, 0x00000000ebf80000, 0x0000000100000000)
  eden space 10752K, 0% used [0x00000000eab00000,0x00000000eab00000,0x00000000eb580000)
  from space 5120K, 91% used [0x00000000eba80000,0x00000000ebf19310,0x00000000ebf80000)
  to   space 5120K, 0% used [0x00000000eb580000,0x00000000eb580000,0x00000000eba80000)
 ParOldGen       total 174592K, used 132867K [0x00000000c0000000, 0x00000000caa80000, 0x00000000eab00000)
  object space 174592K, 76% used [0x00000000c0000000,0x00000000c81c0f40,0x00000000caa80000)
 Metaspace       used 67241K, capacity 70482K, committed 70528K, reserved 1112064K
  class space    used 6502K, capacity 7770K, committed 7808K, reserved 1048576K
}
Event: 424.980 GC heap before
{Heap before GC invocations=94 (full 7):
 PSYoungGen      total 15872K, used 15460K [0x00000000eab00000, 0x00000000ebf80000, 0x0000000100000000)
  eden space 10752K, 100% used [0x00000000eab00000,0x00000000eb580000,0x00000000eb580000)
  from space 5120K, 91% used [0x00000000eba80000,0x00000000ebf19310,0x00000000ebf80000)
  to   space 5120K, 0% used [0x00000000eb580000,0x00000000eb580000,0x00000000eba80000)
 ParOldGen       total 174592K, used 132867K [0x00000000c0000000, 0x00000000caa80000, 0x00000000eab00000)
  object space 174592K, 76% used [0x00000000c0000000,0x00000000c81c0f40,0x00000000caa80000)
 Metaspace       used 68677K, capacity 71929K, committed 72064K, reserved 1114112K
  class space    used 6668K, capacity 7937K, committed 8064K, reserved 1048576K
}
Event: 424.983 GC heap after
{Heap after GC invocations=94 (full 7):
 PSYoungGen      total 15872K, used 4998K [0x00000000eab00000, 0x00000000ec080000, 0x0000000100000000)
  eden space 10752K, 0% used [0x00000000eab00000,0x00000000eab00000,0x00000000eb580000)
  from space 5120K, 97% used [0x00000000eb580000,0x00000000eba61950,0x00000000eba80000)
  to   space 5120K, 0% used [0x00000000ebb80000,0x00000000ebb80000,0x00000000ec080000)
 ParOldGen       total 174592K, used 132875K [0x00000000c0000000, 0x00000000caa80000, 0x00000000eab00000)
  object space 174592K, 76% used [0x00000000c0000000,0x00000000c81c2f40,0x00000000caa80000)
 Metaspace       used 68677K, capacity 71929K, committed 72064K, reserved 1114112K
  class space    used 6668K, capacity 7937K, committed 8064K, reserved 1048576K
}

Deoptimization events (20 events):
Event: 420.354 Thread 0x000001f07d87c800 Uncommon trap: trap_request=0xffffffde fr.pc=0x000001f007cb6e1c relative=0x00000000000005bc
Event: 420.354 Thread 0x000001f07d87c800 Uncommon trap: reason=class_check action=maybe_recompile pc=0x000001f007cb6e1c method=com.google.gson.internal.bind.MapTypeAdapterFactory$Adapter.read(Lcom/google/gson/stream/JsonReader;)Ljava/util/Map; @ 1 c2
Event: 420.354 Thread 0x000001f07d87c800 DEOPT PACKING pc=0x000001f007cb6e1c sp=0x0000002511afe9d0
Event: 420.354 Thread 0x000001f07d87c800 DEOPT UNPACKING pc=0x000001f000026caf sp=0x0000002511afe910 mode 2
Event: 420.354 Thread 0x000001f07d87c800 Uncommon trap: trap_request=0xffffffde fr.pc=0x000001f007c82930 relative=0x0000000000000810
Event: 420.354 Thread 0x000001f07d87c800 Uncommon trap: reason=class_check action=maybe_recompile pc=0x000001f007c82930 method=com.google.gson.internal.bind.ArrayTypeAdapter.read(Lcom/google/gson/stream/JsonReader;)Ljava/lang/Object; @ 1 c2
Event: 420.354 Thread 0x000001f07d87c800 DEOPT PACKING pc=0x000001f007c82930 sp=0x0000002511afe990
Event: 420.354 Thread 0x000001f07d87c800 DEOPT UNPACKING pc=0x000001f000026caf sp=0x0000002511afe980 mode 2
Event: 420.354 Thread 0x000001f07d87c800 Uncommon trap: trap_request=0xffffffde fr.pc=0x000001f007c82930 relative=0x0000000000000810
Event: 420.354 Thread 0x000001f07d87c800 Uncommon trap: reason=class_check action=maybe_recompile pc=0x000001f007c82930 method=com.google.gson.internal.bind.ArrayTypeAdapter.read(Lcom/google/gson/stream/JsonReader;)Ljava/lang/Object; @ 1 c2
Event: 420.354 Thread 0x000001f07d87c800 DEOPT PACKING pc=0x000001f007c82930 sp=0x0000002511afe990
Event: 420.354 Thread 0x000001f07d87c800 DEOPT UNPACKING pc=0x000001f000026caf sp=0x0000002511afe980 mode 2
Event: 421.482 Thread 0x000001f07d87e000 Uncommon trap: trap_request=0xffffff4d fr.pc=0x000001f007dd1b30 relative=0x0000000000000270
Event: 421.482 Thread 0x000001f07d87e000 Uncommon trap: reason=unstable_if action=reinterpret pc=0x000001f007dd1b30 method=java.util.regex.Matcher.search(I)Z @ 76 c2
Event: 421.482 Thread 0x000001f07d87e000 DEOPT PACKING pc=0x000001f007dd1b30 sp=0x0000002511ffe440
Event: 421.482 Thread 0x000001f07d87e000 DEOPT UNPACKING pc=0x000001f000026caf sp=0x0000002511ffe400 mode 2
Event: 424.995 Thread 0x000001f07d87e000 DEOPT PACKING pc=0x000001f0010f9b7f sp=0x0000002511ffdcf0
Event: 424.995 Thread 0x000001f07d87e000 DEOPT UNPACKING pc=0x000001f000026ace sp=0x0000002511ffd258 mode 0
Event: 543.667 Thread 0x000001f07b2ab000 DEOPT PACKING pc=0x000001f0012085b4 sp=0x000000250fdfe9b0
Event: 543.667 Thread 0x000001f07b2ab000 DEOPT UNPACKING pc=0x000001f000026ace sp=0x000000250fdfde38 mode 0

Classes redefined (0 events):
No events

Internal exceptions (20 events):
Event: 418.781 Thread 0x000001f07d876800 Exception <a 'java/lang/ClassCastException'{0x00000000eb26d908}> (0x00000000eb26d908) thrown at [./src/hotspot/share/runtime/sharedRuntime.cpp, line 584]
Event: 418.785 Thread 0x000001f07d876800 Exception <a 'java/lang/ClassCastException'{0x00000000eb297288}> (0x00000000eb297288) thrown at [./src/hotspot/share/runtime/sharedRuntime.cpp, line 584]
Event: 418.785 Thread 0x000001f07d876800 Exception <a 'java/lang/ClassCastException'{0x00000000eb29bd60}> (0x00000000eb29bd60) thrown at [./src/hotspot/share/runtime/sharedRuntime.cpp, line 584]
Event: 418.786 Thread 0x000001f07d876800 Exception <a 'java/lang/ClassCastException'{0x00000000eb2b5178}> (0x00000000eb2b5178) thrown at [./src/hotspot/share/runtime/sharedRuntime.cpp, line 584]
Event: 418.794 Thread 0x000001f07d876800 Exception <a 'java/lang/ClassCastException'{0x00000000eb315868}> (0x00000000eb315868) thrown at [./src/hotspot/share/runtime/sharedRuntime.cpp, line 584]
Event: 418.794 Thread 0x000001f07d876800 Exception <a 'java/lang/ClassCastException'{0x00000000eb319880}> (0x00000000eb319880) thrown at [./src/hotspot/share/runtime/sharedRuntime.cpp, line 584]
Event: 418.795 Thread 0x000001f07d876800 Exception <a 'java/lang/ClassCastException'{0x00000000eb321f30}> (0x00000000eb321f30) thrown at [./src/hotspot/share/runtime/sharedRuntime.cpp, line 584]
Event: 418.798 Thread 0x000001f07d876800 Exception <a 'java/lang/ClassCastException'{0x00000000eb341150}> (0x00000000eb341150) thrown at [./src/hotspot/share/runtime/sharedRuntime.cpp, line 584]
Event: 420.323 Thread 0x000001f07d873800 Exception <a 'java/lang/NoSuchMethodError'{0x00000000eaf70650}: 'java.lang.Object java.lang.invoke.DirectMethodHandle$Holder.invokeVirtual(java.lang.Object, java.lang.Object, java.lang.Object, java.lang.Object)'> (0x00000000eaf70650) thrown at [./src/hotspot/share/interpreter/linkResolver.cpp, line 773]
Event: 420.346 Thread 0x000001f07d87c800 Exception <a 'java/lang/NoSuchMethodError'{0x00000000eb271958}: 'java.lang.Object java.lang.invoke.DirectMethodHandle$Holder.invokeStatic(java.lang.Object, long, java.lang.Object, java.lang.Object)'> (0x00000000eb271958) thrown at [./src/hotspot/share/interpreter/linkResolver.cpp, line 773]
Event: 420.346 Thread 0x000001f07d87c800 Exception <a 'java/lang/NoSuchMethodError'{0x00000000eb278960}: 'java.lang.Object java.lang.invoke.DirectMethodHandle$Holder.invokeStatic(java.lang.Object, long)'> (0x00000000eb278960) thrown at [./src/hotspot/share/interpreter/linkResolver.cpp, line 773]
Event: 420.346 Thread 0x000001f07d87c800 Exception <a 'java/lang/NoSuchMethodError'{0x00000000eb27c038}: 'java.lang.Object java.lang.invoke.DirectMethodHandle$Holder.invokeSpecial(java.lang.Object, java.lang.Object, long)'> (0x00000000eb27c038) thrown at [./src/hotspot/share/interpreter/linkResolver.cpp, line 773]
Event: 420.346 Thread 0x000001f07d87c800 Exception <a 'java/lang/NoSuchMethodError'{0x00000000eb27ef20}: 'java.lang.Object java.lang.invoke.Invokers$Holder.linkToTargetMethod(long, java.lang.Object)'> (0x00000000eb27ef20) thrown at [./src/hotspot/share/interpreter/linkResolver.cpp, line 773]
Event: 420.360 Thread 0x000001f07d87c800 Exception <a 'java/lang/NoSuchMethodError'{0x00000000eb2fed00}: 'void java.lang.invoke.DirectMethodHandle$Holder.invokeStatic(java.lang.Object, long)'> (0x00000000eb2fed00) thrown at [./src/hotspot/share/interpreter/linkResolver.cpp, line 773]
Event: 420.361 Thread 0x000001f07d87c800 Exception <a 'java/lang/NoSuchMethodError'{0x00000000eb310a38}: 'java.lang.Object java.lang.invoke.DirectMethodHandle$Holder.invokeStatic(java.lang.Object, java.lang.Object, long, java.lang.Object)'> (0x00000000eb310a38) thrown at [./src/hotspot/share/interpreter/linkResolver.cpp, line 773]
Event: 420.361 Thread 0x000001f07d87c800 Exception <a 'java/lang/NoSuchMethodError'{0x00000000eb313fa8}: 'java.lang.Object java.lang.invoke.DirectMethodHandle$Holder.invokeStaticInit(java.lang.Object, java.lang.Object, long, java.lang.Object)'> (0x00000000eb313fa8) thrown at [./src/hotspot/share/interpreter/linkResolver.cpp, line 773]
Event: 420.362 Thread 0x000001f07d87c800 Exception <a 'java/lang/NoSuchMethodError'{0x00000000eb319e98}: 'java.lang.Object java.lang.invoke.DirectMethodHandle$Holder.invokeStatic(java.lang.Object, java.lang.Object, long)'> (0x00000000eb319e98) thrown at [./src/hotspot/share/interpreter/linkResolver.cpp, line 773]
Event: 420.362 Thread 0x000001f07d87c800 Exception <a 'java/lang/NoSuchMethodError'{0x00000000eb31d1f0}: 'java.lang.Object java.lang.invoke.DirectMethodHandle$Holder.invokeSpecial(java.lang.Object, java.lang.Object, java.lang.Object, long)'> (0x00000000eb31d1f0) thrown at [./src/hotspot/share/interpreter/linkResolver.cpp, line 773]
Event: 420.362 Thread 0x000001f07d87c800 Exception <a 'java/lang/NoSuchMethodError'{0x00000000eb3200e0}: 'java.lang.Object java.lang.invoke.Invokers$Holder.linkToTargetMethod(java.lang.Object, long, java.lang.Object)'> (0x00000000eb3200e0) thrown at [./src/hotspot/share/interpreter/linkResolver.cpp, line 773]
Event: 420.367 Thread 0x000001f07d87c800 Exception <a 'java/lang/NoSuchMethodError'{0x00000000eb3abda0}: 'void java.lang.invoke.DirectMethodHandle$Holder.invokeSpecial(java.lang.Object, java.lang.Object)'> (0x00000000eb3abda0) thrown at [./src/hotspot/share/interpreter/linkResolver.cpp, line 773]

Events (20 events):
Event: 443.317 Thread 0x000001f0761fc800 flushing nmethod 0x000001f001318590
Event: 443.318 Thread 0x000001f0761fc800 flushing nmethod 0x000001f001384b10
Event: 443.318 Thread 0x000001f0761fc800 flushing nmethod 0x000001f00149d110
Event: 443.318 Thread 0x000001f0761fc800 flushing nmethod 0x000001f0014af410
Event: 443.318 Thread 0x000001f0761fc800 flushing nmethod 0x000001f001510c90
Event: 443.318 Thread 0x000001f0761fc800 flushing nmethod 0x000001f00154c110
Event: 443.318 Thread 0x000001f0761fc800 flushing nmethod 0x000001f001624a90
Event: 443.318 Thread 0x000001f0761fc800 flushing nmethod 0x000001f001625410
Event: 443.318 Thread 0x000001f0761fc800 flushing nmethod 0x000001f001625b90
Event: 443.318 Thread 0x000001f0761fc800 flushing nmethod 0x000001f00165dd10
Event: 480.282 Thread 0x000001f07d876800 Thread exited: 0x000001f07d876800
Event: 540.289 Executing VM operation: RevokeBias
Event: 540.289 Executing VM operation: RevokeBias done
Event: 540.289 Thread 0x000001f07d875000 Thread exited: 0x000001f07d875000
Event: 600.302 Executing VM operation: RevokeBias
Event: 600.303 Executing VM operation: RevokeBias done
Event: 600.303 Thread 0x000001f07b2a9800 Thread exited: 0x000001f07b2a9800
Event: 660.308 Executing VM operation: RevokeBias
Event: 660.308 Executing VM operation: RevokeBias done
Event: 660.308 Thread 0x000001f07d871000 Thread exited: 0x000001f07d871000


Dynamic libraries:
0x00007ff7d3e40000 - 0x00007ff7d3e4d000 	C:\Program Files\AdoptOpenJDK\jdk-11.0.9.101-hotspot\bin\java.exe
0x00007ffab6350000 - 0x00007ffab6546000 	C:\WINDOWS\SYSTEM32\ntdll.dll
0x00007ffab4920000 - 0x00007ffab49dd000 	C:\WINDOWS\System32\KERNEL32.DLL
0x00007ffab3670000 - 0x00007ffab3939000 	C:\WINDOWS\System32\KERNELBASE.dll
0x00007ffab3170000 - 0x00007ffab3270000 	C:\WINDOWS\System32\ucrtbase.dll
0x00007ffaa9880000 - 0x00007ffaa9897000 	C:\Program Files\AdoptOpenJDK\jdk-11.0.9.101-hotspot\bin\jli.dll
0x00007ffab6170000 - 0x00007ffab6310000 	C:\WINDOWS\System32\USER32.dll
0x00007ffab32d0000 - 0x00007ffab32f2000 	C:\WINDOWS\System32\win32u.dll
0x00007ffab5d70000 - 0x00007ffab5d9a000 	C:\WINDOWS\System32\GDI32.dll
0x00007ffab3460000 - 0x00007ffab356b000 	C:\WINDOWS\System32\gdi32full.dll
0x00007ffab3970000 - 0x00007ffab3a0d000 	C:\WINDOWS\System32\msvcp_win.dll
0x00007ffaa2f00000 - 0x00007ffaa319b000 	C:\WINDOWS\WinSxS\amd64_microsoft.windows.common-controls_6595b64144ccf1df_6.0.19041.746_none_ca02b4b61b8320a4\COMCTL32.dll
0x00007ffab41e0000 - 0x00007ffab427e000 	C:\WINDOWS\System32\msvcrt.dll
0x00007ffaa99a0000 - 0x00007ffaa99b5000 	C:\Program Files\AdoptOpenJDK\jdk-11.0.9.101-hotspot\bin\VCRUNTIME140.dll
0x00007ffab4c20000 - 0x00007ffab4c50000 	C:\WINDOWS\System32\IMM32.DLL
0x00007ffa95520000 - 0x00007ffa955bb000 	C:\Program Files\AdoptOpenJDK\jdk-11.0.9.101-hotspot\bin\msvcp140.dll
0x00007ffa69240000 - 0x00007ffa69d83000 	C:\Program Files\AdoptOpenJDK\jdk-11.0.9.101-hotspot\bin\server\jvm.dll
0x00007ffab5db0000 - 0x00007ffab5e5c000 	C:\WINDOWS\System32\ADVAPI32.dll
0x00007ffab5c40000 - 0x00007ffab5cdc000 	C:\WINDOWS\System32\sechost.dll
0x00007ffab47f0000 - 0x00007ffab491b000 	C:\WINDOWS\System32\RPCRT4.dll
0x00007ffab56b0000 - 0x00007ffab56b8000 	C:\WINDOWS\System32\PSAPI.DLL
0x00007ffaa3a00000 - 0x00007ffaa3a09000 	C:\WINDOWS\SYSTEM32\WSOCK32.dll
0x00007ffab5d00000 - 0x00007ffab5d6b000 	C:\WINDOWS\System32\WS2_32.dll
0x00007ffaa85c0000 - 0x00007ffaa85e7000 	C:\WINDOWS\SYSTEM32\WINMM.dll
0x00007ffaad910000 - 0x00007ffaad91a000 	C:\WINDOWS\SYSTEM32\VERSION.dll
0x00007ffab19d0000 - 0x00007ffab19e2000 	C:\WINDOWS\SYSTEM32\kernel.appcore.dll
0x00007ffaac7d0000 - 0x00007ffaac7e0000 	C:\Program Files\AdoptOpenJDK\jdk-11.0.9.101-hotspot\bin\verify.dll
0x00007ffab1780000 - 0x00007ffab1964000 	C:\WINDOWS\SYSTEM32\DBGHELP.DLL
0x00007ffaaccb0000 - 0x00007ffaaccdc000 	C:\WINDOWS\SYSTEM32\dbgcore.DLL
0x00007ffab30f0000 - 0x00007ffab3170000 	C:\WINDOWS\System32\bcryptPrimitives.dll
0x00007ffaa3b20000 - 0x00007ffaa3b48000 	C:\Program Files\AdoptOpenJDK\jdk-11.0.9.101-hotspot\bin\java.dll
0x00007ffaabba0000 - 0x00007ffaabbaa000 	C:\Program Files\AdoptOpenJDK\jdk-11.0.9.101-hotspot\bin\jimage.dll
0x00007ffaa9800000 - 0x00007ffaa980e000 	C:\Program Files\AdoptOpenJDK\jdk-11.0.9.101-hotspot\bin\instrument.dll
0x00007ffaa84d0000 - 0x00007ffaa84e7000 	C:\Program Files\AdoptOpenJDK\jdk-11.0.9.101-hotspot\bin\zip.dll
0x00007ffab3a10000 - 0x00007ffab4152000 	C:\WINDOWS\System32\SHELL32.dll
0x00007ffab0ff0000 - 0x00007ffab1780000 	C:\WINDOWS\SYSTEM32\windows.storage.dll
0x00007ffab4e70000 - 0x00007ffab51c6000 	C:\WINDOWS\System32\combase.dll
0x00007ffab2a80000 - 0x00007ffab2aac000 	C:\WINDOWS\SYSTEM32\Wldp.dll
0x00007ffab60c0000 - 0x00007ffab616e000 	C:\WINDOWS\System32\SHCORE.dll
0x00007ffab6060000 - 0x00007ffab60b5000 	C:\WINDOWS\System32\shlwapi.dll
0x00007ffab3020000 - 0x00007ffab3046000 	C:\WINDOWS\SYSTEM32\profapi.dll
0x00007ffaa5830000 - 0x00007ffaa5849000 	C:\Program Files\AdoptOpenJDK\jdk-11.0.9.101-hotspot\bin\net.dll
0x00007ffaaa710000 - 0x00007ffaaa810000 	C:\WINDOWS\SYSTEM32\WINHTTP.dll
0x00007ffab2870000 - 0x00007ffab28da000 	C:\WINDOWS\system32\mswsock.dll
0x00007ffaa36f0000 - 0x00007ffaa3702000 	C:\Program Files\AdoptOpenJDK\jdk-11.0.9.101-hotspot\bin\nio.dll
0x00007ffab2db0000 - 0x00007ffab2dc8000 	C:\WINDOWS\SYSTEM32\CRYPTSP.dll
0x00007ffab21c0000 - 0x00007ffab21f4000 	C:\WINDOWS\system32\rsaenh.dll
0x00007ffab3940000 - 0x00007ffab3967000 	C:\WINDOWS\System32\bcrypt.dll
0x00007ffab2fa0000 - 0x00007ffab2fce000 	C:\WINDOWS\SYSTEM32\USERENV.dll
0x00007ffab29f0000 - 0x00007ffab29fc000 	C:\WINDOWS\SYSTEM32\CRYPTBASE.dll
0x00007ffab2530000 - 0x00007ffab256b000 	C:\WINDOWS\SYSTEM32\IPHLPAPI.DLL
0x00007ffab4c10000 - 0x00007ffab4c18000 	C:\WINDOWS\System32\NSI.dll
0x00007ffaadc90000 - 0x00007ffaadca7000 	C:\WINDOWS\SYSTEM32\dhcpcsvc6.DLL
0x00007ffaadc40000 - 0x00007ffaadc5d000 	C:\WINDOWS\SYSTEM32\dhcpcsvc.DLL
0x00007ffab2580000 - 0x00007ffab264b000 	C:\WINDOWS\SYSTEM32\DNSAPI.dll
0x00007ffa9aa20000 - 0x00007ffa9aa49000 	C:\Users\Antonio\AppData\Roaming\Code\User\globalStorage\redhat.java\0.76.0\config_win\org.eclipse.equinox.launcher\org.eclipse.equinox.launcher.win32.win32.x86_64_1.2.100.v20210209-1541\eclipse_11301.dll
0x00007ffaa36d0000 - 0x00007ffaa36e1000 	C:\Users\Antonio\AppData\Roaming\Code\User\globalStorage\redhat.java\0.76.0\config_win\org.eclipse.osgi\23\0\.cp\jWinHttp-1.0.0.dll
0x00007ffab4c50000 - 0x00007ffab4d7a000 	C:\WINDOWS\System32\ole32.dll
0x00007ffaadcb0000 - 0x00007ffaadcbe000 	C:\Program Files\AdoptOpenJDK\jdk-11.0.9.101-hotspot\bin\sunmscapi.dll
0x00007ffab3300000 - 0x00007ffab3456000 	C:\WINDOWS\System32\CRYPT32.dll
0x00007ffab2af0000 - 0x00007ffab2b17000 	C:\WINDOWS\SYSTEM32\ncrypt.dll
0x00007ffab2ab0000 - 0x00007ffab2aeb000 	C:\WINDOWS\SYSTEM32\NTASN1.dll
0x00007ffaa6890000 - 0x00007ffaa68b5000 	C:\Program Files\AdoptOpenJDK\jdk-11.0.9.101-hotspot\bin\sunec.dll

dbghelp: loaded successfully - version: 4.0.5 - missing functions: none
symbol engine: initialized successfully - sym options: 0x614 - pdb path: .;C:\Program Files\AdoptOpenJDK\jdk-11.0.9.101-hotspot\bin;C:\WINDOWS\SYSTEM32;C:\WINDOWS\WinSxS\amd64_microsoft.windows.common-controls_6595b64144ccf1df_6.0.19041.746_none_ca02b4b61b8320a4;C:\Program Files\AdoptOpenJDK\jdk-11.0.9.101-hotspot\bin\server;C:\Users\Antonio\AppData\Roaming\Code\User\globalStorage\redhat.java\0.76.0\config_win\org.eclipse.equinox.launcher\org.eclipse.equinox.launcher.win32.win32.x86_64_1.2.100.v20210209-1541;C:\Users\Antonio\AppData\Roaming\Code\User\globalStorage\redhat.java\0.76.0\config_win\org.eclipse.osgi\23\0\.cp

VM Arguments:
jvm_args: --add-modules=ALL-SYSTEM --add-opens=java.base/java.util=ALL-UNNAMED --add-opens=java.base/java.lang=ALL-UNNAMED -Declipse.application=org.eclipse.jdt.ls.core.id1 -Dosgi.bundles.defaultStartLevel=4 -Declipse.product=org.eclipse.jdt.ls.core.product -Dfile.encoding=utf8 -DwatchParentProcess=false -XX:+UseParallelGC -XX:GCTimeRatio=4 -XX:AdaptiveSizePolicyWeight=90 -Dsun.zip.disableMemoryMapping=true -Xmx1G -Xms100m -javaagent:c:\Users\Antonio\.vscode\extensions\gabrielbb.vscode-lombok-1.0.1\server\lombok.jar -Xverify:none 
java_command: c:\Users\Antonio\.vscode\extensions\redhat.java-0.76.0\server\plugins\org.eclipse.equinox.launcher_1.6.100.v20201223-0822.jar -configuration c:\Users\Antonio\AppData\Roaming\Code\User\globalStorage\redhat.java\0.76.0\config_win -data c:\Users\Antonio\AppData\Roaming\Code\User\workspaceStorage\b2c127b38c8307771f46a5b213a02c7a\redhat.java\jdt_ws
java_class_path (initial): c:\Users\Antonio\.vscode\extensions\redhat.java-0.76.0\server\plugins\org.eclipse.equinox.launcher_1.6.100.v20201223-0822.jar
Launcher Type: SUN_STANDARD

[Global flags]
    uintx AdaptiveSizePolicyWeight                 = 90                                        {product} {command line}
     bool BytecodeVerificationLocal                = false                                     {product} {command line}
     bool BytecodeVerificationRemote               = false                                     {product} {command line}
     intx CICompilerCount                          = 4                                         {product} {ergonomic}
    uintx GCTimeRatio                              = 4                                         {product} {command line}
   size_t InitialHeapSize                          = 104857600                                 {product} {command line}
   size_t MaxHeapSize                              = 1073741824                                {product} {command line}
   size_t MaxNewSize                               = 357564416                                 {product} {ergonomic}
   size_t MinHeapDeltaBytes                        = 524288                                    {product} {ergonomic}
   size_t NewSize                                  = 34603008                                  {product} {ergonomic}
    uintx NonNMethodCodeHeapSize                   = 5836300                                {pd product} {ergonomic}
    uintx NonProfiledCodeHeapSize                  = 122910970                              {pd product} {ergonomic}
   size_t OldSize                                  = 70254592                                  {product} {ergonomic}
    uintx ProfiledCodeHeapSize                     = 122910970                              {pd product} {ergonomic}
    uintx ReservedCodeCacheSize                    = 251658240                              {pd product} {ergonomic}
     bool SegmentedCodeCache                       = true                                      {product} {ergonomic}
     bool UseCompressedClassPointers               = true                                 {lp64_product} {ergonomic}
     bool UseCompressedOops                        = true                                 {lp64_product} {ergonomic}
     bool UseLargePagesIndividualAllocation        = false                                  {pd product} {ergonomic}
     bool UseParallelGC                            = true                                      {product} {command line}

Logging:
Log output configuration:
 #0: stdout all=warning uptime,level,tags
 #1: stderr all=off uptime,level,tags

Environment Variables:
JAVA_HOME=C:\Program Files\Java\jdk1.8.0_71
JRE_HOME=C:\Program Files\Java\jre1.8.0_101
PATH=C:\Program Files\AdoptOpenJDK\jdk-11.0.9.101-hotspot\bin;C:\Program Files\Common Files\Oracle\Java\javapath;C:\Program Files\Common Files\Microsoft Shared\Windows Live;C:\Program Files (x86)\Common Files\Oracle\Java\javapath;C:\ProgramData\Oracle\Java\javapath;C:\Program Files (x86)\Intel\iCLS Client\;C:\Program Files\Intel\iCLS Client\;C:\Program Files\Java\jdk1.8.0_71\bin;C:\Windows\system32;C:\Windows;C:\Windows\System32\Wbem;C:\Windows\System32\WindowsPowerShell\v1.0\;C:\Program Files (x86)\NVIDIA Corporation\PhysX\Common;C:\Program Files\Intel\Intel(R) Management Engine Components\DAL;C:\Program Files (x86)\Intel\Intel(R) Management Engine Components\DAL;C:\Program Files\Intel\Intel(R) Management Engine Components\IPT;C:\Program Files (x86)\Intel\Intel(R) Management Engine Components\IPT;C:\Program Files\Common Files\Autodesk Shared\;C:\Program Files (x86)\Autodesk\Backburner\;C:\Program Files (x86)\MySQL\MySQL Fabric 1.5 & MySQL Utilities 1.5\;C:\Program Files (x86)\MySQL\MySQL Fabric 1.5 & MySQL Utilities 1.5\Doctrine extensions for PHP\;C:\Program Files\NVIDIA Corporation\NVIDIA NvDLISR;C:\Program Files\PuTTY\;C:\Program Files\dotnet\;T:\SS\IDE\flutter\flutter\bin;C:\Program Files\Git\cmd;C:\Program Files\Git\bin;C:\WINDOWS\system32;C:\WINDOWS;C:\WINDOWS\System32\Wbem;C:\WINDOWS\System32\WindowsPowerShell\v1.0\;C:\WINDOWS\System32\OpenSSH\;C:\Program Files\Docker\Docker\resources\bin;C:\ProgramData\DockerDesktop\version-bin;C:\Program Files\nodejs\;C:\Program Files\Common Files\Microsoft Shared\Windows Live;C:\Users\Antonio\AppData\Local\atom\bin;C:\Users\Antonio\AppData\Local\Programs\Microsoft VS Code\bin;C:\Users\Antonio\AppData\Local\GitHubDesktop\bin;C:\Program Files (x86)\apache-maven-3.6.3\bin;C:\Users\Antonio\AppData\Local\Programs\Python\Python38-32;C:\Users\Antonio\AppData\Local\Programs\Python\Python38-32\Scripts;T:\SS\IDE\flutter\flutter\bin;C:\Program Files\Git\bin;C:\Users\Antonio\AppData\Local\Microsoft\WindowsApps;C:\Users\Antonio\AppData\R
USERNAME=Antonio
OS=Windows_NT
PROCESSOR_IDENTIFIER=Intel64 Family 6 Model 60 Stepping 3, GenuineIntel



---------------  S Y S T E M  ---------------

OS: Windows 10 , 64 bit Build 19041 (10.0.19041.804)
OS uptime: 4 days 22:07 hours
HyperV virtualization detected

CPU:total 8 (initial active 8) (4 cores per cpu, 2 threads per core) family 6 model 60 stepping 3, cmov, cx8, fxsr, mmx, sse, sse2, sse3, ssse3, sse4.1, sse4.2, popcnt, avx, avx2, aes, clmul, erms, lzcnt, ht, tsc, tscinvbit, bmi1, bmi2, fma

Memory: 4k page, system-wide physical 16255M (3093M free)
TotalPageFile size 16255M (AvailPageFile size 5M)
current process WorkingSet (physical memory assigned to process): 328M, peak: 430M
current process commit charge ("private bytes"): 406M, peak: 507M

vm_info: OpenJDK 64-Bit Server VM (11.0.9.1+1) for windows-amd64 JRE (11.0.9.1+1), built on Nov 10 2020 15:18:49 by "" with MS VC++ 15.9 (VS2017)

END.
